/System/Library/Frameworks/Ruby.framework/Versions/2.0/usr/bin/ruby -r ./siteconf20150430-10620-1668asa.rb extconf.rb 
checking for main() in -lpthread... yes
checking for main() in -lobjc... yes
creating Makefile

make "DESTDIR=" clean

make "DESTDIR="
compiling accessor.cc
clang: warning: argument unused during compilation: '-rdynamic'
compiling array.cc
clang: warning: argument unused during compilation: '-rdynamic'
compiling backref.cc
clang: warning: argument unused during compilation: '-rdynamic'
compiling constants.cc
clang: warning: argument unused during compilation: '-rdynamic'
compiling constraints.cc
clang: warning: argument unused during compilation: '-rdynamic'
compiling context.cc
clang: warning: argument unused during compilation: '-rdynamic'
compiling date.cc
clang: warning: argument unused during compilation: '-rdynamic'
compiling exception.cc
clang: warning: argument unused during compilation: '-rdynamic'
compiling external.cc
clang: warning: argument unused during compilation: '-rdynamic'
compiling function.cc
clang: warning: argument unused during compilation: '-rdynamic'
compiling gc.cc
clang: warning: argument unused during compilation: '-rdynamic'
compiling handles.cc
clang: warning: argument unused during compilation: '-rdynamic'
compiling heap.cc
clang: warning: argument unused during compilation: '-rdynamic'
compiling init.cc
clang: warning: argument unused during compilation: '-rdynamic'
init.cc:11:20: warning: empty parentheses interpreted as a function declaration [-Wvexing-parse]
    v8::Locker lock();
                   ^~
init.cc:11:20: note: remove parentheses to declare a variable
    v8::Locker lock();
                   ^~
init.cc:11:16: warning: 'lock' has C-linkage specified, but returns user-defined type 'v8::Locker' which is incompatible with C [-Wreturn-type-c-linkage]
    v8::Locker lock();
               ^
2 warnings generated.
init.cc:11:20: warning: empty parentheses interpreted as a function declaration [-Wvexing-parse]
    v8::Locker lock();
                   ^~
init.cc:11:20: note: remove parentheses to declare a variable
    v8::Locker lock();
                   ^~
init.cc:11:16: warning: 'lock' has C-linkage specified, but returns user-defined type 'v8::Locker' which is incompatible with C [-Wreturn-type-c-linkage]
    v8::Locker lock();
               ^
2 warnings generated.
compiling invocation.cc
clang: warning: argument unused during compilation: '-rdynamic'
compiling locker.cc
clang: warning: argument unused during compilation: '-rdynamic'
compiling message.cc
clang: warning: argument unused during compilation: '-rdynamic'
compiling object.cc
clang: warning: argument unused during compilation: '-rdynamic'
compiling primitive.cc
clang: warning: argument unused during compilation: '-rdynamic'
compiling rr.cc
clang: warning: argument unused during compilation: '-rdynamic'
compiling script.cc
clang: warning: argument unused during compilation: '-rdynamic'
compiling signature.cc
clang: warning: argument unused during compilation: '-rdynamic'
compiling stack.cc
clang: warning: argument unused during compilation: '-rdynamic'
compiling string.cc
clang: warning: argument unused during compilation: '-rdynamic'
compiling template.cc
clang: warning: argument unused during compilation: '-rdynamic'
compiling trycatch.cc
clang: warning: argument unused during compilation: '-rdynamic'
compiling v8.cc
clang: warning: argument unused during compilation: '-rdynamic'
compiling value.cc
clang: warning: argument unused during compilation: '-rdynamic'
linking shared-object v8/init.bundle
ld: warning: ignoring file /Users/maxclifordjean/Documents/dev_projects/imsp/path/ruby/2.0.0/gems/libv8-3.16.14.7-x86_64-darwin-14/vendor/v8/out/x64.release/libv8_snapshot.a, file was built for archive which is not the architecture being linked (i386): /Users/maxclifordjean/Documents/dev_projects/imsp/path/ruby/2.0.0/gems/libv8-3.16.14.7-x86_64-darwin-14/vendor/v8/out/x64.release/libv8_snapshot.a
ld: warning: ignoring file /Users/maxclifordjean/Documents/dev_projects/imsp/path/ruby/2.0.0/gems/libv8-3.16.14.7-x86_64-darwin-14/vendor/v8/out/x64.release/libv8_base.a, file was built for archive which is not the architecture being linked (i386): /Users/maxclifordjean/Documents/dev_projects/imsp/path/ruby/2.0.0/gems/libv8-3.16.14.7-x86_64-darwin-14/vendor/v8/out/x64.release/libv8_base.a

make "DESTDIR=" install
/usr/bin/install -c -m 0755 init.bundle ./.gem.20150430-10620-s6fc5u/v8
installing default init libraries
